
Thu Jun 25 2015 20:01:33 GMT-0500 (CDT)

Operating System
  Name                        = Mac OS X
  Version                     = 10.10.3
  Architecture                = 64bit
  # CPUs                      = 8
  Memory                      = 17179869184

Node.js
  Node.js Version             = 0.10.13
  npm Version                 = 1.3.2

Titanium CLI
  CLI Version                 = 4.0.1

Titanium SDK
  SDK Version                 = 4.0.0.GA
  SDK Path                    = /Users/Zachary/Library/Application Support/Titanium/mobilesdk/osx/4.0.0.GA
  Target Platform             = iphone

Command
  /usr/local/bin/node /Users/Zachary/.appcelerator/install/4.0.1/package/node_modules/appc-cli-titanium/node_modules/titanium/bin/titanium build --platform iphone --log-level trace --sdk 4.0.0.GA --project-dir /Users/Zachary/Documents/Full Sail/MIU/Projects/1506_UtilityApp_Gover_Zachary --target simulator --ios-version 8.3 --device-family universal --deploy-type development --sim-type iphone --sim-version 8.3 --device-id D03466FC-0DFF-49F5-98A4-01DFCE0F16CE --skip-js-minify --no-colors --no-progress-bars --no-prompt --prompt-type socket-bundle --prompt-port 49154 --plugin-paths /Users/Zachary/.appcelerator/install/4.0.1/package/node_modules --config-file /var/folders/01/tx145vt17bvd3hxgbx8l6rj00000gn/T/build-1435280491307.json --no-banner

[DEBUG]  Detecting modules in /Users/Zachary/Library/Application Support/Titanium/modules
[DEBUG]  Detected android module: com.appcelerator.apm 1.1.1 @ /Users/Zachary/Library/Application Support/Titanium/modules/android/com.appcelerator.apm/1.1.1
[DEBUG]  Detected android module: facebook 3.0.2 @ /Users/Zachary/Library/Application Support/Titanium/modules/android/facebook/3.0.2
[DEBUG]  Detected android module: facebook 3.0.3 @ /Users/Zachary/Library/Application Support/Titanium/modules/android/facebook/3.0.3
[DEBUG]  Detected android module: facebook 4.0.3 @ /Users/Zachary/Library/Application Support/Titanium/modules/android/facebook/4.0.3
[DEBUG]  Detected android module: ti.cloudpush 3.3.0 @ /Users/Zachary/Library/Application Support/Titanium/modules/android/ti.cloudpush/3.3.0
[DEBUG]  Detected android module: ti.cloudpush 3.3.4 @ /Users/Zachary/Library/Application Support/Titanium/modules/android/ti.cloudpush/3.3.4
[DEBUG]  Detected android module: ti.cloudpush 3.3.7 @ /Users/Zachary/Library/Application Support/Titanium/modules/android/ti.cloudpush/3.3.7
[DEBUG]  Detected android module: ti.cloudpush 3.3.8 @ /Users/Zachary/Library/Application Support/Titanium/modules/android/ti.cloudpush/3.3.8
[DEBUG]  Detected android module: ti.map 2.1.4 @ /Users/Zachary/Library/Application Support/Titanium/modules/android/ti.map/2.1.4
[DEBUG]  Detected android module: ti.map 2.2.2 @ /Users/Zachary/Library/Application Support/Titanium/modules/android/ti.map/2.2.2
[DEBUG]  Detected android module: ti.map 2.2.3 @ /Users/Zachary/Library/Application Support/Titanium/modules/android/ti.map/2.2.3
[DEBUG]  Detected android module: ti.map 2.3.0 @ /Users/Zachary/Library/Application Support/Titanium/modules/android/ti.map/2.3.0
[DEBUG]  Detected commonjs module: ti.cloud 3.2.5 @ /Users/Zachary/Library/Application Support/Titanium/modules/commonjs/ti.cloud/3.2.5
[DEBUG]  Detected commonjs module: ti.cloud 3.2.7 @ /Users/Zachary/Library/Application Support/Titanium/modules/commonjs/ti.cloud/3.2.7
[DEBUG]  Detected commonjs module: ti.cloud 3.2.8 @ /Users/Zachary/Library/Application Support/Titanium/modules/commonjs/ti.cloud/3.2.8
[DEBUG]  Detected iphone module: com.appcelerator.apm 1.1.1 @ /Users/Zachary/Library/Application Support/Titanium/modules/iphone/com.appcelerator.apm/1.1.1
[DEBUG]  Detected iphone module: com.appcelerator.urlSession 1.0.1 @ /Users/Zachary/Library/Application Support/Titanium/modules/iphone/com.appcelerator.urlSession/1.0.1
[DEBUG]  Detected iphone module: com.appcelerator.urlSession 1.1.0 @ /Users/Zachary/Library/Application Support/Titanium/modules/iphone/com.appcelerator.urlSession/1.1.0
[DEBUG]  Detected iphone module: com.appcelerator.urlSession 1.1.1 @ /Users/Zachary/Library/Application Support/Titanium/modules/iphone/com.appcelerator.urlSession/1.1.1
[DEBUG]  Detected iphone module: facebook 3.1.1 @ /Users/Zachary/Library/Application Support/Titanium/modules/iphone/facebook/3.1.1
[DEBUG]  Detected iphone module: facebook 3.2.0 @ /Users/Zachary/Library/Application Support/Titanium/modules/iphone/facebook/3.2.0
[DEBUG]  Detected iphone module: facebook 4.0.3 @ /Users/Zachary/Library/Application Support/Titanium/modules/iphone/facebook/4.0.3
[DEBUG]  Detected iphone module: ti.coremotion 1.0.1 @ /Users/Zachary/Library/Application Support/Titanium/modules/iphone/ti.coremotion/1.0.1
[DEBUG]  Detected iphone module: ti.coremotion 1.1.0 @ /Users/Zachary/Library/Application Support/Titanium/modules/iphone/ti.coremotion/1.1.0
[DEBUG]  Detected iphone module: ti.map 2.0.4 @ /Users/Zachary/Library/Application Support/Titanium/modules/iphone/ti.map/2.0.4
[DEBUG]  Detected iphone module: ti.map 2.2.0 @ /Users/Zachary/Library/Application Support/Titanium/modules/iphone/ti.map/2.2.0
[DEBUG]  Detected iphone module: ti.map 2.2.2 @ /Users/Zachary/Library/Application Support/Titanium/modules/iphone/ti.map/2.2.2
[DEBUG]  Detected iphone module: ti.touchid 1.0 @ /Users/Zachary/Library/Application Support/Titanium/modules/iphone/ti.touchid/1.0
[DEBUG]  Detected iphone module: ti.touchid 1.1.0 @ /Users/Zachary/Library/Application Support/Titanium/modules/iphone/ti.touchid/1.1.0
[DEBUG]  No project level plugins to load
[DEBUG]  Titanium SDK iOS directory: /Users/Zachary/Library/Application Support/Titanium/mobilesdk/osx/4.0.0.GA/iphone
[INFO]   Deploy type: development
[INFO]   Building for target: simulator
[INFO]   Building using iOS SDK: 8.3
[INFO]   Building for iOS Simulator: iPhone 5
[DEBUG]  UDID: D03466FC-0DFF-49F5-98A4-01DFCE0F16CE
[DEBUG]  Simulator type: iphone
[DEBUG]  Simulator version: 8.3
[INFO]   Building for device family: universal
[DEBUG]  Setting Xcode target to Debug
[DEBUG]  Setting Xcode build OS to iphonesimulator8.3
[DEBUG]  Xcode installation: /Applications/Xcode.app/Contents/Developer
[DEBUG]  iOS WWDR certificate: installed
[INFO]   Minimum iOS version: 7.0
[INFO]   Debugging disabled
[INFO]   Profiler disabled
[INFO]   Initiating prepare phase
[DEBUG]  Setting Info.plist CFBundleVersion to 1.0
[DEBUG]  Setting Info.plist CFBundleShortVersionString to 1.0
[DEBUG]  Copying /Users/Zachary/Documents/Full Sail/MIU/Projects/1506_UtilityApp_Gover_Zachary/Resources/iphone/appicon.png => /Users/Zachary/Documents/Full Sail/MIU/Projects/1506_UtilityApp_Gover_Zachary/build/iphone/build/Debug-iphonesimulator/1506_UtilityApp_Gover_Zachary.app/appicon.png
[INFO]   Initiating Xcode pre-compile phase
[DEBUG]  Symlinking /Users/Zachary/Documents/Full Sail/MIU/Projects/1506_UtilityApp_Gover_Zachary/Resources/Images/Untitled.png => /Users/Zachary/Documents/Full Sail/MIU/Projects/1506_UtilityApp_Gover_Zachary/build/iphone/build/Debug-iphonesimulator/1506_UtilityApp_Gover_Zachary.app/Images/Untitled.png
[DEBUG]  Symlinking /Users/Zachary/Documents/Full Sail/MIU/Projects/1506_UtilityApp_Gover_Zachary/Resources/Images/Untitled1.png => /Users/Zachary/Documents/Full Sail/MIU/Projects/1506_UtilityApp_Gover_Zachary/build/iphone/build/Debug-iphonesimulator/1506_UtilityApp_Gover_Zachary.app/Images/Untitled1.png
[DEBUG]  Symlinking /Users/Zachary/Documents/Full Sail/MIU/Projects/1506_UtilityApp_Gover_Zachary/Resources/Images/Untitled2.png => /Users/Zachary/Documents/Full Sail/MIU/Projects/1506_UtilityApp_Gover_Zachary/build/iphone/build/Debug-iphonesimulator/1506_UtilityApp_Gover_Zachary.app/Images/Untitled2.png
[DEBUG]  Symlinking /Users/Zachary/Documents/Full Sail/MIU/Projects/1506_UtilityApp_Gover_Zachary/Resources/Images/Untitled3.png => /Users/Zachary/Documents/Full Sail/MIU/Projects/1506_UtilityApp_Gover_Zachary/build/iphone/build/Debug-iphonesimulator/1506_UtilityApp_Gover_Zachary.app/Images/Untitled3.png
[DEBUG]  Symlinking /Users/Zachary/Documents/Full Sail/MIU/Projects/1506_UtilityApp_Gover_Zachary/Resources/Images/Untitled4.png => /Users/Zachary/Documents/Full Sail/MIU/Projects/1506_UtilityApp_Gover_Zachary/build/iphone/build/Debug-iphonesimulator/1506_UtilityApp_Gover_Zachary.app/Images/Untitled4.png
[DEBUG]  Symlinking /Users/Zachary/Documents/Full Sail/MIU/Projects/1506_UtilityApp_Gover_Zachary/Resources/KS_nav_ui.png => /Users/Zachary/Documents/Full Sail/MIU/Projects/1506_UtilityApp_Gover_Zachary/build/iphone/build/Debug-iphonesimulator/1506_UtilityApp_Gover_Zachary.app/KS_nav_ui.png
[DEBUG]  Symlinking /Users/Zachary/Documents/Full Sail/MIU/Projects/1506_UtilityApp_Gover_Zachary/Resources/KS_nav_views.png => /Users/Zachary/Documents/Full Sail/MIU/Projects/1506_UtilityApp_Gover_Zachary/build/iphone/build/Debug-iphonesimulator/1506_UtilityApp_Gover_Zachary.app/KS_nav_views.png
[DEBUG]  Ignoring /Users/Zachary/Documents/Full Sail/MIU/Projects/1506_UtilityApp_Gover_Zachary/Resources/android
[DEBUG]  Ignoring /Users/Zachary/Documents/Full Sail/MIU/Projects/1506_UtilityApp_Gover_Zachary/Resources/iphone
[DEBUG]  Copying /Users/Zachary/Documents/Full Sail/MIU/Projects/1506_UtilityApp_Gover_Zachary/Resources/iphone/Default-568h@2x.png => /Users/Zachary/Documents/Full Sail/MIU/Projects/1506_UtilityApp_Gover_Zachary/build/iphone/build/Debug-iphonesimulator/1506_UtilityApp_Gover_Zachary.app/Default-568h@2x.png
[DEBUG]  Copying /Users/Zachary/Documents/Full Sail/MIU/Projects/1506_UtilityApp_Gover_Zachary/Resources/iphone/Default-667h@2x.png => /Users/Zachary/Documents/Full Sail/MIU/Projects/1506_UtilityApp_Gover_Zachary/build/iphone/build/Debug-iphonesimulator/1506_UtilityApp_Gover_Zachary.app/Default-667h@2x.png
[DEBUG]  Copying /Users/Zachary/Documents/Full Sail/MIU/Projects/1506_UtilityApp_Gover_Zachary/Resources/iphone/Default-Landscape-736h@3x.png => /Users/Zachary/Documents/Full Sail/MIU/Projects/1506_UtilityApp_Gover_Zachary/build/iphone/build/Debug-iphonesimulator/1506_UtilityApp_Gover_Zachary.app/Default-Landscape-736h@3x.png
[DEBUG]  Copying /Users/Zachary/Documents/Full Sail/MIU/Projects/1506_UtilityApp_Gover_Zachary/Resources/iphone/Default-Landscape.png => /Users/Zachary/Documents/Full Sail/MIU/Projects/1506_UtilityApp_Gover_Zachary/build/iphone/build/Debug-iphonesimulator/1506_UtilityApp_Gover_Zachary.app/Default-Landscape.png
[DEBUG]  Copying /Users/Zachary/Documents/Full Sail/MIU/Projects/1506_UtilityApp_Gover_Zachary/Resources/iphone/Default-Landscape@2x.png => /Users/Zachary/Documents/Full Sail/MIU/Projects/1506_UtilityApp_Gover_Zachary/build/iphone/build/Debug-iphonesimulator/1506_UtilityApp_Gover_Zachary.app/Default-Landscape@2x.png
[DEBUG]  Copying /Users/Zachary/Documents/Full Sail/MIU/Projects/1506_UtilityApp_Gover_Zachary/Resources/iphone/Default-Portrait-736h@3x.png => /Users/Zachary/Documents/Full Sail/MIU/Projects/1506_UtilityApp_Gover_Zachary/build/iphone/build/Debug-iphonesimulator/1506_UtilityApp_Gover_Zachary.app/Default-Portrait-736h@3x.png
[DEBUG]  Copying /Users/Zachary/Documents/Full Sail/MIU/Projects/1506_UtilityApp_Gover_Zachary/Resources/iphone/Default-Portrait.png => /Users/Zachary/Documents/Full Sail/MIU/Projects/1506_UtilityApp_Gover_Zachary/build/iphone/build/Debug-iphonesimulator/1506_UtilityApp_Gover_Zachary.app/Default-Portrait.png
[DEBUG]  Copying /Users/Zachary/Documents/Full Sail/MIU/Projects/1506_UtilityApp_Gover_Zachary/Resources/iphone/Default-Portrait@2x.png => /Users/Zachary/Documents/Full Sail/MIU/Projects/1506_UtilityApp_Gover_Zachary/build/iphone/build/Debug-iphonesimulator/1506_UtilityApp_Gover_Zachary.app/Default-Portrait@2x.png
[DEBUG]  Copying /Users/Zachary/Documents/Full Sail/MIU/Projects/1506_UtilityApp_Gover_Zachary/Resources/iphone/Default.png => /Users/Zachary/Documents/Full Sail/MIU/Projects/1506_UtilityApp_Gover_Zachary/build/iphone/build/Debug-iphonesimulator/1506_UtilityApp_Gover_Zachary.app/Default.png
[DEBUG]  Copying /Users/Zachary/Documents/Full Sail/MIU/Projects/1506_UtilityApp_Gover_Zachary/Resources/iphone/Default@2x.png => /Users/Zachary/Documents/Full Sail/MIU/Projects/1506_UtilityApp_Gover_Zachary/build/iphone/build/Debug-iphonesimulator/1506_UtilityApp_Gover_Zachary.app/Default@2x.png
[DEBUG]  Copying /Users/Zachary/Documents/Full Sail/MIU/Projects/1506_UtilityApp_Gover_Zachary/Resources/iphone/appicon.png => /Users/Zachary/Documents/Full Sail/MIU/Projects/1506_UtilityApp_Gover_Zachary/build/iphone/build/Debug-iphonesimulator/1506_UtilityApp_Gover_Zachary.app/appicon.png
[INFO]   Processing JavaScript files
[DEBUG]  Symlinking /Users/Zachary/Documents/Full Sail/MIU/Projects/1506_UtilityApp_Gover_Zachary/Resources/app.js => /Users/Zachary/Documents/Full Sail/MIU/Projects/1506_UtilityApp_Gover_Zachary/build/iphone/build/Debug-iphonesimulator/1506_UtilityApp_Gover_Zachary.app/app.js
[DEBUG]  Symlinking /Users/Zachary/Documents/Full Sail/MIU/Projects/1506_UtilityApp_Gover_Zachary/Resources/externalResources.js => /Users/Zachary/Documents/Full Sail/MIU/Projects/1506_UtilityApp_Gover_Zachary/build/iphone/build/Debug-iphonesimulator/1506_UtilityApp_Gover_Zachary.app/externalResources.js
[INFO]   Processing Titanium namespace resources
[DEBUG]  Copying /Users/Zachary/Library/Application Support/Titanium/mobilesdk/osx/4.0.0.GA/iphone/modules/ui/images => /Users/Zachary/Documents/Full Sail/MIU/Projects/1506_UtilityApp_Gover_Zachary/build/iphone/build/Debug-iphonesimulator/1506_UtilityApp_Gover_Zachary.app/modules/ui/images
[INFO]   Skipping xcodebuild
[INFO]   Finished building the application in 273ms
[INFO]   Launching iOS Simulator
[DEBUG]  [ioslib] Removing old log file: /Users/Zachary/Library/Developer/CoreSimulator/Devices/D03466FC-0DFF-49F5-98A4-01DFCE0F16CE/data/Containers/Data/Application/78ECB9DB-BEE5-4427-B99D-E36519AEB2E0/Documents/57ab1f43-bade-4df9-9111-a81a81648ad4.log
[DEBUG]  [ioslib] Executing: /Users/Zachary/Library/Application Support/Titanium/mobilesdk/osx/4.0.0.GA/node_modules/ioslib/lib/ios-sim "launch" "/Users/Zachary/Documents/Full Sail/MIU/Projects/1506_UtilityApp_Gover_Zachary/build/iphone/build/Debug-iphonesimulator/1506_UtilityApp_Gover_Zachary.app" "--verbose" "--xcode-dir" "/Applications/Xcode.app/Contents/Developer" "--udid" "D03466FC-0DFF-49F5-98A4-01DFCE0F16CE" "--timeout" "180"
[DEBUG]  [ioslib] Executing: osascript "/Users/Zachary/Library/Application Support/Titanium/mobilesdk/osx/4.0.0.GA/node_modules/ioslib/lib/iphone_sim_activate.scpt" "/Applications/Xcode.app/Contents/Developer/Applications/iOS Simulator.app"
[DEBUG]  [ioslib] [ios-sim] [DEBUG] App Spec: <DTiPhoneSimulatorApplicationSpecifier 0x7fec1b932520> specified by app path /Users/Zachary/Documents/Full Sail/MIU/Projects/1506_UtilityApp_Gover_Zachary/build/iphone/build/Debug-iphonesimulator/1506_UtilityApp_Gover_Zachary.app
[DEBUG]  [ioslib] [ios-sim] [DEBUG] SDK Root: <DTiPhoneSimulatorSystemRoot 0x7fec1b92f3d0> path=/Applications/Xcode.app/Contents/Developer/Platforms/iPhoneSimulator.platform/Developer/SDKs/iPhoneSimulator.sdk
[DEBUG]  [ioslib] [ios-sim] [DEBUG] Creating named pipe at `/var/folders/01/tx145vt17bvd3hxgbx8l6rj00000gn/T//ios-sim-stderr-pipe-1435280494'
[DEBUG]  [ioslib] [ios-sim] [DEBUG] Creating named pipe at `/var/folders/01/tx145vt17bvd3hxgbx8l6rj00000gn/T//ios-sim-stdout-pipe-1435280494'
[DEBUG]  [ioslib] [ios-sim] [DEBUG] using device family iphone
[DEBUG]  [ioslib] [ios-sim] [DEBUG] Comparing 244CE10F-0635-4D8A-86DF-BF9C49A8436F == D03466FC-0DFF-49F5-98A4-01DFCE0F16CE
[DEBUG]  [ioslib] [ios-sim] [DEBUG] Comparing D03466FC-0DFF-49F5-98A4-01DFCE0F16CE == D03466FC-0DFF-49F5-98A4-01DFCE0F16CE
[DEBUG]  [ioslib] [ios-sim] [DEBUG] set device to : iPhone 5
[DEBUG]  [ioslib] [ios-sim] [DEBUG] Session started
[DEBUG]  [ioslib] Found application log file: /Users/Zachary/Library/Developer/CoreSimulator/Devices/D03466FC-0DFF-49F5-98A4-01DFCE0F16CE/data/Containers/Data/Application/E0A34387-6D32-4C67-829C-7BD493E5794B/Documents/57ab1f43-bade-4df9-9111-a81a81648ad4.log
[INFO]   Project built successfully in 6s 398ms
